[debug] [2022-02-07T09:59:26.422Z] ----------------------------------------------------------------------
[debug] [2022-02-07T09:59:26.425Z] Command:       C:\Program Files\nodejs\node.exe C:\Users\jjrs\AppData\Roaming\npm\node_modules\firebase-tools\lib\bin\firebase.js init
[debug] [2022-02-07T09:59:26.425Z] CLI Version:   9.20.0
[debug] [2022-02-07T09:59:26.425Z] Platform:      win32
[debug] [2022-02-07T09:59:26.425Z] Node Version:  v12.22.5
[debug] [2022-02-07T09:59:26.426Z] Time:          Mon Feb 07 2022 10:59:26 GMT+0100 (GMT+01:00)
[debug] [2022-02-07T09:59:26.426Z] ----------------------------------------------------------------------
[debug] 
[debug] [2022-02-07T09:59:26.482Z] Field ".hosting" in "firebase.json" is possibly invalid: should be object
[debug] [2022-02-07T09:59:26.482Z] Object ".hosting[0]" in "firebase.json" is missing required property: {"missingProperty":"target"}
[debug] [2022-02-07T09:59:26.482Z] Object ".hosting[0]" in "firebase.json" is missing required property: {"missingProperty":"site"}
[debug] [2022-02-07T09:59:26.482Z] Field ".hosting[0]" in "firebase.json" is possibly invalid: should match some schema in anyOf
[debug] [2022-02-07T09:59:26.482Z] Field ".hosting" in "firebase.json" is possibly invalid: should match some schema in anyOf
[debug] [2022-02-07T09:59:26.486Z] > command requires scopes: ["email","openid","https://www.googleapis.com/auth/cloudplatformprojects.readonly","https://www.googleapis.com/auth/firebase","https://www.googleapis.com/auth/cloud-platform"]
[debug] [2022-02-07T09:59:26.486Z] > authorizing via signed-in user (jjrsegador8@gmail.com)
[debug] [2022-02-07T09:59:26.487Z] Field ".hosting" in "firebase.json" is possibly invalid: should be object
[debug] [2022-02-07T09:59:26.487Z] Object ".hosting[0]" in "firebase.json" is missing required property: {"missingProperty":"target"}
[debug] [2022-02-07T09:59:26.487Z] Object ".hosting[0]" in "firebase.json" is missing required property: {"missingProperty":"site"}
[debug] [2022-02-07T09:59:26.488Z] Field ".hosting[0]" in "firebase.json" is possibly invalid: should match some schema in anyOf
[debug] [2022-02-07T09:59:26.488Z] Field ".hosting" in "firebase.json" is possibly invalid: should match some schema in anyOf
[info] 
     ######## #### ########  ######## ########     ###     ######  ########
     ##        ##  ##     ## ##       ##     ##  ##   ##  ##       ##
     ######    ##  ########  ######   ########  #########  ######  ######
     ##        ##  ##    ##  ##       ##     ## ##     ##       ## ##
     ##       #### ##     ## ######## ########  ##     ##  ######  ########

You're about to initialize a Firebase project in this directory:

  C:\angular-workspace\pr-findaw

Before we get started, keep in mind:

  * You are currently outside your home directory
  * You are initializing within an existing Firebase project directory

[info] 
=== Project Setup
[info] 
[info] First, let's associate this project directory with a Firebase project.
[info] You can create multiple project aliases by running firebase use --add, 
[info] but for now we'll just set up a default project.
[info] 
[info] i  .firebaserc already has a default project, using vintagecivic-40d57. 
[debug] [2022-02-07T09:59:30.792Z] >>> [apiv2][query] GET https://firebase.googleapis.com/v1beta1/projects/vintagecivic-40d57 [none]
[debug] [2022-02-07T09:59:31.127Z] <<< [apiv2][status] GET https://firebase.googleapis.com/v1beta1/projects/vintagecivic-40d57 200
[debug] [2022-02-07T09:59:31.128Z] <<< [apiv2][body] GET https://firebase.googleapis.com/v1beta1/projects/vintagecivic-40d57 {"projectId":"vintagecivic-40d57","projectNumber":"1009453126003","displayName":"VintageCiviC","name":"projects/vintagecivic-40d57","resources":{"hostingSite":"vintagecivic-40d57","realtimeDatabaseInstance":"vintagecivic-40d57-default-rtdb","storageBucket":"vintagecivic-40d57.appspot.com","locationId":"europe-west"},"state":"ACTIVE"}
[info] 
=== Hosting Setup
[info] 
[info] Your public directory is the folder (relative to your project directory) that
[info] will contain Hosting assets to be uploaded with firebase deploy. If you
[info] have a build process for your assets, use your build's output directory.
[info] 
[debug] [2022-02-07T09:59:38.903Z] >>> [apiv2][query] GET https://www.gstatic.com/firebasejs/releases.json [none]
[debug] [2022-02-07T09:59:38.974Z] <<< [apiv2][status] GET https://www.gstatic.com/firebasejs/releases.json 200
[debug] [2022-02-07T09:59:38.975Z] <<< [apiv2][body] GET https://www.gstatic.com/firebasejs/releases.json {"current":{"version":"9.6.6","browserURL":"https://www.gstatic.com/firebasejs/9.6.6/firebase.js","packageURL":"https://www.gstatic.com/firebasejs/9.6.6/firebase.tgz"},"live":{"version":"9.6","browserURL":"https://www.gstatic.com/firebasejs/live/9.6/firebase.js","packageURL":"https://www.gstatic.com/firebasejs/live/9.6/firebase.tgz"},"components":{"analytics":"https://www.gstatic.com/firebasejs/9.6.6/firebase-analytics.js","app":"https://www.gstatic.com/firebasejs/9.6.6/firebase-app.js","app-check":"https://www.gstatic.com/firebasejs/9.6.6/firebase-app-check.js","auth":"https://www.gstatic.com/firebasejs/9.6.6/firebase-auth.js","auth/cordova":"https://www.gstatic.com/firebasejs/9.6.6/firebase-auth/cordova.js","auth/react-native":"https://www.gstatic.com/firebasejs/9.6.6/firebase-auth/react-native.js","functions":"https://www.gstatic.com/firebasejs/9.6.6/firebase-functions.js","firestore":"https://www.gstatic.com/firebasejs/9.6.6/firebase-firestore.js","firestore/lite":"https://www.gstatic.com/firebasejs/9.6.6/firebase-firestore/lite.js","storage":"https://www.gstatic.com/firebasejs/9.6.6/firebase-storage.js","performance":"https://www.gstatic.com/firebasejs/9.6.6/firebase-performance.js","remote-config":"https://www.gstatic.com/firebasejs/9.6.6/firebase-remote-config.js","messaging":"https://www.gstatic.com/firebasejs/9.6.6/firebase-messaging.js","messaging/sw":"https://www.gstatic.com/firebasejs/9.6.6/firebase-messaging/sw.js","database":"https://www.gstatic.com/firebasejs/9.6.6/firebase-database.js","firestore.memory":"https://www.gstatic.com/firebasejs/9.6.6/firebase-firestore.memory.js"}}
[info] +  Wrote public/index.html 
[info] 
[info] i  Detected a .git folder at C:\angular-workspace\pr-findaw 
[info] i  Authorizing with GitHub to upload your service account to a GitHub repository's secrets store. 
[info] 
[info] Visit this URL on this device to log in:
[info] https://github.com/login/oauth/authorize?client_id=89cf50f02ac6aaed3484&state=417575223&redirect_uri=http%3A%2F%2Flocalhost%3A9005&scope=read%3Auser%20repo%20public_repo
[info] 
[info] Waiting for authentication...
[debug] [2022-02-07T09:59:39.882Z] Error: spawn cmd ENOENT
    at Process.ChildProcess._handle.onexit (internal/child_process.js:268:19)
    at onErrorNT (internal/child_process.js:470:16)
    at processTicksAndRejections (internal/process/task_queues.js:84:21)
[error] 
[error] Error: An unexpected error has occurred.
